[debug] [2024-04-06T19:06:34.238Z] ----------------------------------------------------------------------
[debug] [2024-04-06T19:06:34.242Z] Command:       C:\Program Files\nodejs\node.exe C:\Users\Mohsin Chemicals\AppData\Roaming\npm\node_modules\firebase-tools\lib\bin\firebase.js init
[debug] [2024-04-06T19:06:34.242Z] CLI Version:   13.7.1
[debug] [2024-04-06T19:06:34.242Z] Platform:      win32
[debug] [2024-04-06T19:06:34.243Z] Node Version:  v20.11.1
[debug] [2024-04-06T19:06:34.243Z] Time:          Sun Apr 07 2024 00:06:34 GMT+0500 (پاکستان کا معیاری وقت)
[debug] [2024-04-06T19:06:34.243Z] ----------------------------------------------------------------------
[debug] 
[debug] [2024-04-06T19:06:34.253Z] > command requires scopes: ["email","openid","https://www.googleapis.com/auth/cloudplatformprojects.readonly","https://www.googleapis.com/auth/firebase","https://www.googleapis.com/auth/cloud-platform"]
[debug] [2024-04-06T19:06:34.253Z] > authorizing via signed-in user (mrghulamraza110@gmail.com)
[info] 
     ######## #### ########  ######## ########     ###     ######  ########
     ##        ##  ##     ## ##       ##     ##  ##   ##  ##       ##
     ######    ##  ########  ######   ########  #########  ######  ######
     ##        ##  ##    ##  ##       ##     ## ##     ##       ## ##
     ##       #### ##     ## ######## ########  ##     ##  ######  ########

You're about to initialize a Firebase project in this directory:

  C:\all react projects\My_Ashra_react

Before we get started, keep in mind:

  * You are currently outside your home directory

[info] 
=== Project Setup
[info] 
[info] First, let's associate this project directory with a Firebase project.
[info] You can create multiple project aliases by running firebase use --add, 
[info] but for now we'll just set up a default project.
[info] 
[debug] [2024-04-06T19:06:48.775Z] > refreshing access token with scopes: []
[debug] [2024-04-06T19:06:48.777Z] >>> [apiv2][query] POST https://www.googleapis.com/oauth2/v3/token [none]
[debug] [2024-04-06T19:06:48.778Z] >>> [apiv2][body] POST https://www.googleapis.com/oauth2/v3/token [omitted]
[debug] [2024-04-06T19:06:54.206Z] <<< [apiv2][status] POST https://www.googleapis.com/oauth2/v3/token 400
[debug] [2024-04-06T19:06:54.206Z] <<< [apiv2][body] POST https://www.googleapis.com/oauth2/v3/token [omitted]
[debug] [2024-04-06T19:06:54.207Z] >>> [apiv2][query] GET https://firebase.googleapis.com/v1beta1/projects pageSize=100
[debug] [2024-04-06T19:06:57.531Z] <<< [apiv2][status] GET https://firebase.googleapis.com/v1beta1/projects 401
[debug] [2024-04-06T19:06:57.531Z] <<< [apiv2][body] GET https://firebase.googleapis.com/v1beta1/projects [omitted]
[debug] [2024-04-06T19:06:57.532Z] HTTP Error: 401, Request had invalid authentication credentials. Expected OAuth 2 access token, login cookie or other valid authentication credential. See https://developers.google.com/identity/sign-in/web/devconsole-project.
[debug] [2024-04-06T19:06:58.812Z] FirebaseError: HTTP Error: 401, Request had invalid authentication credentials. Expected OAuth 2 access token, login cookie or other valid authentication credential. See https://developers.google.com/identity/sign-in/web/devconsole-project.
    at responseToError (C:\Users\Mohsin Chemicals\AppData\Roaming\npm\node_modules\firebase-tools\lib\responseToError.js:49:12)
    at RetryOperation._fn (C:\Users\Mohsin Chemicals\AppData\Roaming\npm\node_modules\firebase-tools\lib\apiv2.js:299:77)
    at process.processTicksAndRejections (node:internal/process/task_queues:95:5)
[error] 
[error] Error: Failed to list Firebase projects. See firebase-debug.log for more info.
